<?xml version="1.0" encoding="UTF-8"?>
<!-- Generated by org.testng.reporters.JUnitXMLReporter -->
<testsuite ignored="2" hostname="TarikJuve" failures="0" tests="4" name="test1" time="7.53" errors="0" timestamp="2022-06-27T08:18:21 MDT">
  <testcase classname="com.simolaw.tests.CreateAccountTest" name="@BeforeTest SetUp" time="6.171">
    <failure type="org.openqa.selenium.ElementClickInterceptedException" message="element click intercepted: Element &amp;lt;input value=&amp;quot;Enter&amp;quot; class=&amp;quot;btn btn-primary&amp;quot; id=&amp;quot;tynamoEnter&amp;quot; type=&amp;quot;submit&amp;quot;&amp;gt; is not clickable at point (433, 285). Other element would receive the click: &amp;lt;div&amp;gt;&amp;lt;/div&amp;gt;
  (Session info: chrome=102.0.5005.115)
Build info: version: &amp;apos;4.1.2&amp;apos;, revision: &amp;apos;9a5a329c5a&amp;apos;
System info: host: &amp;apos;TARIKJUVE&amp;apos;, ip: &amp;apos;10.212.23.183&amp;apos;, os.name: &amp;apos;Windows 11&amp;apos;, os.arch: &amp;apos;amd64&amp;apos;, os.version: &amp;apos;10.0&amp;apos;, java.version: &amp;apos;17.0.2&amp;apos;
Driver info: org.openqa.selenium.chrome.ChromeDriver
Command: [417860757dd50f0ee6f6e3e12426838a, clickElement {id=8719b92d-3eca-4aae-be1c-94156b7245c9}]
Capabilities {acceptInsecureCerts: false, browserName: chrome, browserVersion: 102.0.5005.115, chrome: {chromedriverVersion: 102.0.5005.61 (0e59bcc00cc4..., userDataDir: C:\Users\tarik\AppData\Loca...}, goog:chromeOptions: {debuggerAddress: localhost:53707}, javascriptEnabled: true, networkConnectionEnabled: false, pageLoadStrategy: normal, platform: WINDOWS, platformName: WINDOWS, proxy: Proxy(), se:cdp: ws://localhost:53707/devtoo..., se:cdpVersion: 102.0.5005.115, setWindowRect: true, strictFileInteractability: false, timeouts: {implicit: 0, pageLoad: 300000, script: 30000}, unhandledPromptBehavior: dismiss and notify, webauthn:extension:credBlob: true, webauthn:extension:largeBlob: true, webauthn:virtualAuthenticators: true}
Element: [[ChromeDriver: chrome on WINDOWS (417860757dd50f0ee6f6e3e12426838a)] -&amp;gt; xpath: //input[@id=&amp;apos;tynamoEnter&amp;apos;]]
Session ID: 417860757dd50f0ee6f6e3e12426838a">
      <![CDATA[org.openqa.selenium.ElementClickInterceptedException: element click intercepted: Element <input value="Enter" class="btn btn-primary" id="tynamoEnter" type="submit"> is not clickable at point (433, 285). Other element would receive the click: <div></div>
  (Session info: chrome=102.0.5005.115)
Build info: version: '4.1.2', revision: '9a5a329c5a'
System info: host: 'TARIKJUVE', ip: '10.212.23.183', os.name: 'Windows 11', os.arch: 'amd64', os.version: '10.0', java.version: '17.0.2'
Driver info: org.openqa.selenium.chrome.ChromeDriver
Command: [417860757dd50f0ee6f6e3e12426838a, clickElement {id=8719b92d-3eca-4aae-be1c-94156b7245c9}]
Capabilities {acceptInsecureCerts: false, browserName: chrome, browserVersion: 102.0.5005.115, chrome: {chromedriverVersion: 102.0.5005.61 (0e59bcc00cc4..., userDataDir: C:\Users\tarik\AppData\Loca...}, goog:chromeOptions: {debuggerAddress: localhost:53707}, javascriptEnabled: true, networkConnectionEnabled: false, pageLoadStrategy: normal, platform: WINDOWS, platformName: WINDOWS, proxy: Proxy(), se:cdp: ws://localhost:53707/devtoo..., se:cdpVersion: 102.0.5005.115, setWindowRect: true, strictFileInteractability: false, timeouts: {implicit: 0, pageLoad: 300000, script: 30000}, unhandledPromptBehavior: dismiss and notify, webauthn:extension:credBlob: true, webauthn:extension:largeBlob: true, webauthn:virtualAuthenticators: true}
Element: [[ChromeDriver: chrome on WINDOWS (417860757dd50f0ee6f6e3e12426838a)] -> xpath: //input[@id='tynamoEnter']]
Session ID: 417860757dd50f0ee6f6e3e12426838a
at org.openqa.selenium.remote.codec.w3c.W3CHttpResponseCodec.createException(W3CHttpResponseCodec.java:200)
at org.openqa.selenium.remote.codec.w3c.W3CHttpResponseCodec.decode(W3CHttpResponseCodec.java:133)
at org.openqa.selenium.remote.codec.w3c.W3CHttpResponseCodec.decode(W3CHttpResponseCodec.java:53)
at org.openqa.selenium.remote.HttpCommandExecutor.execute(HttpCommandExecutor.java:184)
at org.openqa.selenium.remote.service.DriverCommandExecutor.invokeExecute(DriverCommandExecutor.java:167)
at org.openqa.selenium.remote.service.DriverCommandExecutor.execute(DriverCommandExecutor.java:142)
at org.openqa.selenium.remote.RemoteWebDriver.execute(RemoteWebDriver.java:558)
at org.openqa.selenium.remote.RemoteWebElement.execute(RemoteWebElement.java:251)
at org.openqa.selenium.remote.RemoteWebElement.click(RemoteWebElement.java:77)
at org.openqa.selenium.support.pagefactory.internal.LocatingElementHandler.invoke(LocatingElementHandler.java:52)
at jdk.proxy2/jdk.proxy2.$Proxy31.click(Unknown Source)
at com.simolaw.pageobjects.LoginPage.Login(LoginPage.java:49)
at com.simolaw.tests.CreateAccountTest.SetUp(CreateAccountTest.java:35)
... Removed 33 stack frames]]>
    </failure>
  </testcase> <!-- @BeforeTest SetUp -->
  <testcase classname="com.simolaw.tests.HomePageTest" name="@BeforeTest SetUp" time="0.0">
    <skipped/>
  </testcase> <!-- @BeforeTest SetUp -->
  <testcase classname="com.simolaw.tests.LoginTest" name="@BeforeTest SetUp" time="0.0">
    <skipped/>
  </testcase> <!-- @BeforeTest SetUp -->
  <testcase classname="com.simolaw.tests.CreateAccountTest" name="@AfterTest Closure" time="0.0">
    <skipped/>
  </testcase> <!-- @AfterTest Closure -->
  <testcase classname="com.simolaw.tests.HomePageTest" name="@AfterTest Closure" time="0.0">
    <skipped/>
  </testcase> <!-- @AfterTest Closure -->
  <testcase classname="com.simolaw.tests.LoginTest" name="@AfterTest Closure" time="0.0">
    <skipped/>
  </testcase> <!-- @AfterTest Closure -->
  <testcase classname="com.simolaw.tests.HomePageTest" name="HomePageTitleValid" time="0.0">
    <skipped/>
  </testcase> <!-- HomePageTitleValid -->
  <testcase classname="com.simolaw.tests.LoginTest" name="loginPageTitleVald" time="0.0">
    <skipped/>
  </testcase> <!-- loginPageTitleVald -->
  <testcase classname="com.simolaw.tests.LoginTest" name="loginTest" time="0.0">
    <skipped/>
  </testcase> <!-- loginTest -->
  <testcase classname="com.simolaw.tests.CreateAccountTest" name="CreateNewAccount" time="0.0">
    <skipped/>
  </testcase> <!-- CreateNewAccount -->
  <testcase classname="com.simolaw.base.BaseClass" name="@BeforeTest Base" time="0.0">
    <ignored/>
  </testcase> <!-- @BeforeTest Base -->
  <testcase classname="com.simolaw.base.BaseClass" name="@BeforeTest Base" time="0.0">
    <ignored/>
  </testcase> <!-- @BeforeTest Base -->
</testsuite> <!-- test1 -->
